<?xml version="1.0" encoding="UTF-8"?>
<coverage generated="1729484501916" clover="3.2.0">
  <project timestamp="1729484501916" name="All files">
    <metrics statements="49" coveredstatements="32" conditionals="18" coveredconditionals="11" methods="9" coveredmethods="7" elements="76" coveredelements="50" complexity="0" loc="49" ncloc="49" packages="2" files="3" classes="3"/>
    <package name="apis">
      <metrics statements="3" coveredstatements="3" conditionals="0" coveredconditionals="0" methods="0" coveredmethods="0"/>
      <file name="supa-base-api.js" path="C:\Users\laptop-pc\Documents\GitHub\Desarollo-2\src\apis\supa-base-api.js">
        <metrics statements="3" coveredstatements="3" conditionals="0" coveredconditionals="0" methods="0" coveredmethods="0"/>
        <line num="3" count="1" type="stmt"/>
        <line num="4" count="1" type="stmt"/>
        <line num="5" count="1" type="stmt"/>
      </file>
    </package>
    <package name="helpers">
      <metrics statements="46" coveredstatements="29" conditionals="18" coveredconditionals="11" methods="9" coveredmethods="7"/>
      <file name="portTransaccion.js" path="C:\Users\laptop-pc\Documents\GitHub\Desarollo-2\src\helpers\portTransaccion.js">
        <metrics statements="26" coveredstatements="11" conditionals="10" coveredconditionals="4" methods="5" coveredmethods="3"/>
        <line num="14" count="3" type="stmt"/>
        <line num="22" count="3" type="stmt"/>
        <line num="25" count="3" type="cond" truecount="1" falsecount="1"/>
        <line num="26" count="0" type="stmt"/>
        <line num="27" count="0" type="stmt"/>
        <line num="39" count="0" type="stmt"/>
        <line num="43" count="0" type="cond" truecount="0" falsecount="2"/>
        <line num="44" count="0" type="stmt"/>
        <line num="47" count="0" type="stmt"/>
        <line num="48" count="0" type="stmt"/>
        <line num="49" count="0" type="stmt"/>
        <line num="51" count="0" type="stmt"/>
        <line num="56" count="0" type="cond" truecount="0" falsecount="2"/>
        <line num="57" count="0" type="stmt"/>
        <line num="58" count="0" type="stmt"/>
        <line num="60" count="0" type="stmt"/>
        <line num="73" count="1" type="stmt"/>
        <line num="81" count="1" type="stmt"/>
        <line num="85" count="1" type="cond" truecount="1" falsecount="1"/>
        <line num="86" count="0" type="stmt"/>
        <line num="87" count="0" type="stmt"/>
        <line num="96" count="5" type="stmt"/>
        <line num="101" count="5" type="cond" truecount="2" falsecount="0"/>
        <line num="102" count="1" type="stmt"/>
        <line num="103" count="1" type="stmt"/>
        <line num="106" count="4" type="stmt"/>
      </file>
      <file name="portWallets.js" path="C:\Users\laptop-pc\Documents\GitHub\Desarollo-2\src\helpers\portWallets.js">
        <metrics statements="20" coveredstatements="18" conditionals="8" coveredconditionals="7" methods="4" coveredmethods="4"/>
        <line num="11" count="5" type="stmt"/>
        <line num="16" count="5" type="stmt"/>
        <line num="19" count="5" type="cond" truecount="2" falsecount="0"/>
        <line num="21" count="1" type="stmt"/>
        <line num="22" count="1" type="stmt"/>
        <line num="30" count="2" type="stmt"/>
        <line num="33" count="2" type="cond" truecount="2" falsecount="0"/>
        <line num="35" count="1" type="stmt"/>
        <line num="36" count="1" type="stmt"/>
        <line num="38" count="1" type="stmt"/>
        <line num="49" count="1" type="stmt"/>
        <line num="54" count="1" type="stmt"/>
        <line num="57" count="1" type="cond" truecount="1" falsecount="1"/>
        <line num="59" count="0" type="stmt"/>
        <line num="60" count="0" type="stmt"/>
        <line num="68" count="6" type="stmt"/>
        <line num="72" count="6" type="cond" truecount="2" falsecount="0"/>
        <line num="74" count="1" type="stmt"/>
        <line num="75" count="1" type="stmt"/>
        <line num="77" count="5" type="stmt"/>
      </file>
    </package>
  </project>
</coverage>
