{"C:\\Users\\laptop-pc\\Documents\\GitHub\\Desarollo-2\\src\\apis\\supa-base-api.js": {"path":"C:\\Users\\laptop-pc\\Documents\\GitHub\\Desarollo-2\\src\\apis\\supa-base-api.js","statementMap":{"0":{"start":{"line":3,"column":20},"end":{"line":3,"column":62}},"1":{"start":{"line":4,"column":20},"end":{"line":4,"column":230}},"2":{"start":{"line":5,"column":17},"end":{"line":5,"column":55}}},"fnMap":{},"branchMap":{},"s":{"0":1,"1":1,"2":1},"f":{},"b":{},"_coverageSchema":"1a1c01bbd47fc00a2c39e90264f33305004495a9","hash":"fc25b26694d5f22562093d83bfe49511ab575279"}
,"C:\\Users\\laptop-pc\\Documents\\GitHub\\Desarollo-2\\src\\helpers\\portTransaccion.js": {"path":"C:\\Users\\laptop-pc\\Documents\\GitHub\\Desarollo-2\\src\\helpers\\portTransaccion.js","statementMap":{"0":{"start":{"line":14,"column":15},"end":{"line":20,"column":3}},"1":{"start":{"line":22,"column":20},"end":{"line":23,"column":47}},"2":{"start":{"line":25,"column":2},"end":{"line":28,"column":3}},"3":{"start":{"line":26,"column":24},"end":{"line":26,"column":92}},"4":{"start":{"line":27,"column":4},"end":{"line":27,"column":29}},"5":{"start":{"line":39,"column":53},"end":{"line":41,"column":88}},"6":{"start":{"line":43,"column":7},"end":{"line":45,"column":8}},"7":{"start":{"line":44,"column":8},"end":{"line":44,"column":45}},"8":{"start":{"line":47,"column":24},"end":{"line":47,"column":62}},"9":{"start":{"line":47,"column":46},"end":{"line":47,"column":61}},"10":{"start":{"line":48,"column":24},"end":{"line":48,"column":87}},"11":{"start":{"line":49,"column":22},"end":{"line":49,"column":83}},"12":{"start":{"line":51,"column":62},"end":{"line":55,"column":108}},"13":{"start":{"line":56,"column":6},"end":{"line":60,"column":33}},"14":{"start":{"line":57,"column":28},"end":{"line":57,"column":118}},"15":{"start":{"line":58,"column":8},"end":{"line":58,"column":33}},"16":{"start":{"line":60,"column":12},"end":{"line":60,"column":32}},"17":{"start":{"line":73,"column":15},"end":{"line":79,"column":3}},"18":{"start":{"line":81,"column":20},"end":{"line":83,"column":69}},"19":{"start":{"line":85,"column":2},"end":{"line":88,"column":3}},"20":{"start":{"line":86,"column":24},"end":{"line":86,"column":92}},"21":{"start":{"line":87,"column":4},"end":{"line":87,"column":29}},"22":{"start":{"line":96,"column":26},"end":{"line":99,"column":49}},"23":{"start":{"line":101,"column":2},"end":{"line":107,"column":3}},"24":{"start":{"line":102,"column":24},"end":{"line":102,"column":92}},"25":{"start":{"line":103,"column":4},"end":{"line":103,"column":29}},"26":{"start":{"line":106,"column":4},"end":{"line":106,"column":16}}},"fnMap":{"0":{"name":"createTransaction","decl":{"start":{"line":13,"column":15},"end":{"line":13,"column":32}},"loc":{"start":{"line":13,"column":110},"end":{"line":29,"column":1}},"line":13},"1":{"name":"readTransaction","decl":{"start":{"line":37,"column":15},"end":{"line":37,"column":30}},"loc":{"start":{"line":37,"column":50},"end":{"line":62,"column":1}},"line":37},"2":{"name":"(anonymous_2)","decl":{"start":{"line":47,"column":36},"end":{"line":47,"column":37}},"loc":{"start":{"line":47,"column":46},"end":{"line":47,"column":61}},"line":47},"3":{"name":"updateTransaction","decl":{"start":{"line":72,"column":15},"end":{"line":72,"column":32}},"loc":{"start":{"line":72,"column":125},"end":{"line":89,"column":1}},"line":72},"4":{"name":"deleteTransaction","decl":{"start":{"line":95,"column":15},"end":{"line":95,"column":32}},"loc":{"start":{"line":95,"column":48},"end":{"line":108,"column":1}},"line":95}},"branchMap":{"0":{"loc":{"start":{"line":25,"column":2},"end":{"line":28,"column":3}},"type":"if","locations":[{"start":{"line":25,"column":2},"end":{"line":28,"column":3}},{"start":{},"end":{}}],"line":25},"1":{"loc":{"start":{"line":43,"column":7},"end":{"line":45,"column":8}},"type":"if","locations":[{"start":{"line":43,"column":7},"end":{"line":45,"column":8}},{"start":{},"end":{}}],"line":43},"2":{"loc":{"start":{"line":56,"column":6},"end":{"line":60,"column":33}},"type":"if","locations":[{"start":{"line":56,"column":6},"end":{"line":60,"column":33}},{"start":{"line":60,"column":11},"end":{"line":60,"column":33}}],"line":56},"3":{"loc":{"start":{"line":85,"column":2},"end":{"line":88,"column":3}},"type":"if","locations":[{"start":{"line":85,"column":2},"end":{"line":88,"column":3}},{"start":{},"end":{}}],"line":85},"4":{"loc":{"start":{"line":101,"column":2},"end":{"line":107,"column":3}},"type":"if","locations":[{"start":{"line":101,"column":2},"end":{"line":107,"column":3}},{"start":{"line":105,"column":9},"end":{"line":107,"column":3}}],"line":101}},"s":{"0":3,"1":3,"2":3,"3":0,"4":0,"5":0,"6":0,"7":0,"8":0,"9":0,"10":0,"11":0,"12":0,"13":0,"14":0,"15":0,"16":0,"17":1,"18":1,"19":1,"20":0,"21":0,"22":5,"23":5,"24":1,"25":1,"26":4},"f":{"0":3,"1":0,"2":0,"3":1,"4":5},"b":{"0":[0,3],"1":[0,0],"2":[0,0],"3":[0,1],"4":[1,4]},"_coverageSchema":"1a1c01bbd47fc00a2c39e90264f33305004495a9","hash":"4eff1ce29d555f99193c7527347af8128e9fcb2c"}
,"C:\\Users\\laptop-pc\\Documents\\GitHub\\Desarollo-2\\src\\helpers\\portWallets.js": {"path":"C:\\Users\\laptop-pc\\Documents\\GitHub\\Desarollo-2\\src\\helpers\\portWallets.js","statementMap":{"0":{"start":{"line":11,"column":15},"end":{"line":15,"column":3}},"1":{"start":{"line":16,"column":18},"end":{"line":17,"column":45}},"2":{"start":{"line":19,"column":2},"end":{"line":23,"column":3}},"3":{"start":{"line":21,"column":24},"end":{"line":21,"column":92}},"4":{"start":{"line":22,"column":4},"end":{"line":22,"column":29}},"5":{"start":{"line":30,"column":24},"end":{"line":32,"column":59}},"6":{"start":{"line":33,"column":2},"end":{"line":38,"column":21}},"7":{"start":{"line":35,"column":24},"end":{"line":35,"column":92}},"8":{"start":{"line":36,"column":4},"end":{"line":36,"column":29}},"9":{"start":{"line":38,"column":8},"end":{"line":38,"column":20}},"10":{"start":{"line":49,"column":15},"end":{"line":53,"column":3}},"11":{"start":{"line":54,"column":18},"end":{"line":56,"column":57}},"12":{"start":{"line":57,"column":2},"end":{"line":61,"column":3}},"13":{"start":{"line":59,"column":24},"end":{"line":59,"column":92}},"14":{"start":{"line":60,"column":4},"end":{"line":60,"column":29}},"15":{"start":{"line":68,"column":24},"end":{"line":71,"column":47}},"16":{"start":{"line":72,"column":2},"end":{"line":77,"column":21}},"17":{"start":{"line":74,"column":24},"end":{"line":74,"column":92}},"18":{"start":{"line":75,"column":4},"end":{"line":75,"column":29}},"19":{"start":{"line":77,"column":8},"end":{"line":77,"column":20}}},"fnMap":{"0":{"name":"createWallet","decl":{"start":{"line":10,"column":16},"end":{"line":10,"column":28}},"loc":{"start":{"line":10,"column":78},"end":{"line":23,"column":4}},"line":10},"1":{"name":"readWallet","decl":{"start":{"line":29,"column":16},"end":{"line":29,"column":26}},"loc":{"start":{"line":29,"column":34},"end":{"line":38,"column":22}},"line":29},"2":{"name":"updateWallet","decl":{"start":{"line":48,"column":16},"end":{"line":48,"column":28}},"loc":{"start":{"line":48,"column":88},"end":{"line":61,"column":4}},"line":48},"3":{"name":"deleteWallet","decl":{"start":{"line":67,"column":15},"end":{"line":67,"column":27}},"loc":{"start":{"line":67,"column":37},"end":{"line":77,"column":22}},"line":67}},"branchMap":{"0":{"loc":{"start":{"line":19,"column":2},"end":{"line":23,"column":3}},"type":"if","locations":[{"start":{"line":19,"column":2},"end":{"line":23,"column":3}},{"start":{},"end":{}}],"line":19},"1":{"loc":{"start":{"line":33,"column":2},"end":{"line":38,"column":21}},"type":"if","locations":[{"start":{"line":33,"column":2},"end":{"line":38,"column":21}},{"start":{"line":38,"column":7},"end":{"line":38,"column":21}}],"line":33},"2":{"loc":{"start":{"line":57,"column":2},"end":{"line":61,"column":3}},"type":"if","locations":[{"start":{"line":57,"column":2},"end":{"line":61,"column":3}},{"start":{},"end":{}}],"line":57},"3":{"loc":{"start":{"line":72,"column":2},"end":{"line":77,"column":21}},"type":"if","locations":[{"start":{"line":72,"column":2},"end":{"line":77,"column":21}},{"start":{"line":77,"column":7},"end":{"line":77,"column":21}}],"line":72}},"s":{"0":5,"1":5,"2":5,"3":1,"4":1,"5":2,"6":2,"7":1,"8":1,"9":1,"10":1,"11":1,"12":1,"13":0,"14":0,"15":6,"16":6,"17":1,"18":1,"19":5},"f":{"0":5,"1":2,"2":1,"3":6},"b":{"0":[1,4],"1":[1,1],"2":[0,1],"3":[1,5]},"_coverageSchema":"1a1c01bbd47fc00a2c39e90264f33305004495a9","hash":"1e11904554336f034353cf98e4c9c8a002206cd7"}
}
