TN:
SF:src\apis\supa-base-api.js
FNF:0
FNH:0
DA:3,1
DA:4,1
DA:5,1
LF:3
LH:3
BRF:0
BRH:0
end_of_record
TN:
SF:src\helpers\portTransaccion.js
FN:13,createTransaction
FN:37,readTransaction
FN:47,(anonymous_2)
FN:72,updateTransaction
FN:95,deleteTransaction
FNF:5
FNH:3
FNDA:3,createTransaction
FNDA:0,readTransaction
FNDA:0,(anonymous_2)
FNDA:1,updateTransaction
FNDA:5,deleteTransaction
DA:14,3
DA:22,3
DA:25,3
DA:26,0
DA:27,0
DA:39,0
DA:43,0
DA:44,0
DA:47,0
DA:48,0
DA:49,0
DA:51,0
DA:56,0
DA:57,0
DA:58,0
DA:60,0
DA:73,1
DA:81,1
DA:85,1
DA:86,0
DA:87,0
DA:96,5
DA:101,5
DA:102,1
DA:103,1
DA:106,4
LF:26
LH:11
BRDA:25,0,0,0
BRDA:25,0,1,3
BRDA:43,1,0,0
BRDA:43,1,1,0
BRDA:56,2,0,0
BRDA:56,2,1,0
BRDA:85,3,0,0
BRDA:85,3,1,1
BRDA:101,4,0,1
BRDA:101,4,1,4
BRF:10
BRH:4
end_of_record
TN:
SF:src\helpers\portWallets.js
FN:10,createWallet
FN:29,readWallet
FN:48,updateWallet
FN:67,deleteWallet
FNF:4
FNH:4
FNDA:5,createWallet
FNDA:2,readWallet
FNDA:1,updateWallet
FNDA:6,deleteWallet
DA:11,5
DA:16,5
DA:19,5
DA:21,1
DA:22,1
DA:30,2
DA:33,2
DA:35,1
DA:36,1
DA:38,1
DA:49,1
DA:54,1
DA:57,1
DA:59,0
DA:60,0
DA:68,6
DA:72,6
DA:74,1
DA:75,1
DA:77,5
LF:20
LH:18
BRDA:19,0,0,1
BRDA:19,0,1,4
BRDA:33,1,0,1
BRDA:33,1,1,1
BRDA:57,2,0,0
BRDA:57,2,1,1
BRDA:72,3,0,1
BRDA:72,3,1,5
BRF:8
BRH:7
end_of_record
